Update date : Wed Jul 20 11:11:30 GMT 2022
 
 Table 'action_utilisateur' found in repository
 (=) table 'action_utilisateur' unchanged
 
 Table 'civilite' found in repository
 (=) table 'civilite' unchanged
 
 Table 'fonctionnalite' found in repository
 (=) table 'fonctionnalite' unchanged
 
 Table 'historique' found in repository
 (=) table 'historique' unchanged
 
 Table 'numero_stories' found in repository
 . Column 'id_statut' added
 . Foreign key 'numero_stories_FK_1' added
 (*) table 'numero_stories' updated : 2 change(s)
 
 Table 'profil' found in repository
 (=) table 'profil' unchanged
 
 Table 'profil_fonctionnalite' found in repository
 (=) table 'profil_fonctionnalite' unchanged
 
 Table 'status' found in repository
 (=) table 'status' unchanged
 
 Table 'user' found in repository
 (=) table 'user' unchanged
