Update date : Wed Jul 05 13:06:57 GMT 2023
 
 Table 'action_en_masse' found in repository
 (=) table 'action_en_masse' unchanged
 
 Table 'action_parametrable' found in repository
 (=) table 'action_parametrable' unchanged
 
 Table 'action_simswap' found in repository
 (=) table 'action_simswap' unchanged
 
 Table 'action_utilisateur' found in repository
 . Column 'last_blocage_date' added
 (*) table 'action_utilisateur' updated : 1 change(s)
 
 Table 'ation_to_notifiable' found in repository
 (=) table 'ation_to_notifiable' unchanged
 
 Table 'category' found in repository
 (=) table 'category' unchanged
 
 Table 'civilite' found in repository
 (=) table 'civilite' unchanged
 
 Table 'demande' found in repository
 (=) table 'demande' unchanged
 
 Table 'fonctionnalite' found in repository
 (=) table 'fonctionnalite' unchanged
 
 Table 'historique' found in repository
 . Column 'machine' added
 . Column 'ipadress' added
 . Foreign key 'historique_FK' added
 (*) table 'historique' updated : 3 change(s)
 
 Table 'liste_diffusion' found in repository
 (=) table 'liste_diffusion' unchanged
 
 Table 'numero_stories' found in repository
 (=) table 'numero_stories' unchanged
 
 Table 'parametrage' found in repository
 (=) table 'parametrage' unchanged
 
 Table 'parametrage_profil' found in repository
 (=) table 'parametrage_profil' unchanged
 
 Table 'profil' found in repository
 (=) table 'profil' unchanged
 
 Table 'profil_fonctionnalite' found in repository
 (=) table 'profil_fonctionnalite' unchanged
 
 Table 'status' found in repository
 (=) table 'status' unchanged
 
 Table 'tache' found in repository
 (=) table 'tache' unchanged
 
 Table 'type_demande' found in repository
 (=) table 'type_demande' unchanged
 
 Table 'type_numero' found in repository
 (=) table 'type_numero' unchanged
 
 Table 'type_parametrage' found in repository
 (=) table 'type_parametrage' unchanged
 
 Table 'user' found in repository
 . Column 'first_connection' added
 . Column 'last_connection' added
 (*) table 'user' updated : 2 change(s)
