Update date : Fri Jul 01 15:25:39 GMT 2022
 
 Table 'action_utilisateur' found in repository
 . Column 'numero' : Database type changed to LONGTEXT
 . Column 'numero' : JDBC type code changed to -1
 . Column 'numero' : Size changed to 2147483647
 . Column 'numero' updated
 (*) table 'action_utilisateur' updated : 1 change(s)
 
 Table 'civilite' found in repository
 (=) table 'civilite' unchanged
 
 Table 'fonctionnalite' found in repository
 (=) table 'fonctionnalite' unchanged
 
 Table 'historique' found in repository
 (=) table 'historique' unchanged
 
 Table 'profil' found in repository
 (=) table 'profil' unchanged
 
 Table 'profil_fonctionnalite' found in repository
 (=) table 'profil_fonctionnalite' unchanged
 
 Table 'status' found in repository
 (=) table 'status' unchanged
 
 Table 'user' found in repository
 (=) table 'user' unchanged
