Update date : Tue Jul 19 14:52:57 GMT 2022
 
 Table 'action_utilisateur' found in repository
 . Column 'id_profil' added
 . Foreign key 'action_utilisateur_FK' added
 (*) table 'action_utilisateur' updated : 2 change(s)
 
 Table 'civilite' found in repository
 (=) table 'civilite' unchanged
 
 Table 'fonctionnalite' found in repository
 (=) table 'fonctionnalite' unchanged
 
 Table 'historique' found in repository
 (=) table 'historique' unchanged
 
 Table 'numero_stories' not found in repository
 (+) table 'numero_stories' added
 
 Table 'profil' found in repository
 (=) table 'profil' unchanged
 
 Table 'profil_fonctionnalite' found in repository
 (=) table 'profil_fonctionnalite' unchanged
 
 Table 'status' found in repository
 (=) table 'status' unchanged
 
 Table 'user' found in repository
 (=) table 'user' unchanged
