Update date : Thu Jan 11 09:56:05 GMT 2024
 
 Table 'action_en_masse' not found in repository
 (+) table 'action_en_masse' added
 
 Table 'action_parametrable' not found in repository
 (+) table 'action_parametrable' added
 
 Table 'action_simswap' not found in repository
 (+) table 'action_simswap' added
 
 Table 'action_utilisateur' not found in repository
 (+) table 'action_utilisateur' added
 
 Table 'ation_to_notifiable' not found in repository
 (+) table 'ation_to_notifiable' added
 
 Table 'category' not found in repository
 (+) table 'category' added
 
 Table 'civilite' not found in repository
 (+) table 'civilite' added
 
 Table 'demande' not found in repository
 (+) table 'demande' added
 
 Table 'fonctionnalite' not found in repository
 (+) table 'fonctionnalite' added
 
 Table 'historique' not found in repository
 (+) table 'historique' added
 
 Table 'liste_diffusion' not found in repository
 (+) table 'liste_diffusion' added
 
 Table 'numero_stories' not found in repository
 (+) table 'numero_stories' added
 
 Table 'parametrage' not found in repository
 (+) table 'parametrage' added
 
 Table 'parametrage_profil' not found in repository
 (+) table 'parametrage_profil' added
 
 Table 'profil' not found in repository
 (+) table 'profil' added
 
 Table 'profil_fonctionnalite' not found in repository
 (+) table 'profil_fonctionnalite' added
 
 Table 'status' not found in repository
 (+) table 'status' added
 
 Table 'tache' not found in repository
 (+) table 'tache' added
 
 Table 'type_demande' not found in repository
 (+) table 'type_demande' added
 
 Table 'type_numero' not found in repository
 (+) table 'type_numero' added
 
 Table 'type_parametrage' not found in repository
 (+) table 'type_parametrage' added
 
 Table 'user' not found in repository
 (+) table 'user' added
